Flow report for top
Tue Mar 18 19:39:31 2025
Quartus Prime Version 23.1std.1 Build 993 05/14/2024 SC Lite Edition


---------------------
; Table of Contents ;
---------------------
  1. Legal Notice
  2. Flow Summary
  3. Flow Settings
  4. Flow Non-Default Global Settings
  5. Flow Elapsed Time
  6. Flow OS Summary
  7. Flow Log
  8. Flow Messages
  9. Flow Suppressed Messages



----------------
; Legal Notice ;
----------------
Copyright (C) 2024  Intel Corporation. All rights reserved.
Your use of Intel Corporation's design tools, logic functions 
and other software and tools, and any partner logic 
functions, and any output files from any of the foregoing 
(including device programming or simulation files), and any 
associated documentation or information are expressly subject 
to the terms and conditions of the Intel Program License 
Subscription Agreement, the Intel Quartus Prime License Agreement,
the Intel FPGA IP License Agreement, or other applicable license
agreement, including, without limitation, that your use is for
the sole purpose of programming logic devices manufactured by
Intel and sold by Intel or its authorized distributors.  Please
refer to the applicable agreement for further details, at
https://fpgasoftware.intel.com/eula.



+----------------------------------------------------------------------------------+
; Flow Summary                                                                     ;
+---------------------------------+------------------------------------------------+
; Flow Status                     ; Successful - Tue Mar 18 19:38:29 2025          ;
; Quartus Prime Version           ; 23.1std.1 Build 993 05/14/2024 SC Lite Edition ;
; Revision Name                   ; top                                            ;
; Top-level Entity Name           ; top                                            ;
; Family                          ; Cyclone V                                      ;
; Device                          ; 5CEBA4F23C7                                    ;
; Timing Models                   ; Final                                          ;
; Logic utilization (in ALMs)     ; 2,219 / 18,480 ( 12 % )                        ;
; Total registers                 ; 2104                                           ;
; Total pins                      ; 103 / 224 ( 46 % )                             ;
; Total virtual pins              ; 0                                              ;
; Total block memory bits         ; 2,099,232 / 3,153,920 ( 67 % )                 ;
; Total DSP Blocks                ; 0 / 66 ( 0 % )                                 ;
; Total HSSI RX PCSs              ; 0                                              ;
; Total HSSI PMA RX Deserializers ; 0                                              ;
; Total HSSI TX PCSs              ; 0                                              ;
; Total HSSI PMA TX Serializers   ; 0                                              ;
; Total PLLs                      ; 0 / 4 ( 0 % )                                  ;
; Total DLLs                      ; 0 / 4 ( 0 % )                                  ;
+---------------------------------+------------------------------------------------+


+-----------------------------------------+
; Flow Settings                           ;
+-------------------+---------------------+
; Option            ; Setting             ;
+-------------------+---------------------+
; Start date & time ; 03/18/2025 19:34:12 ;
; Main task         ; Compilation         ;
; Revision Name     ; top                 ;
+-------------------+---------------------+


+--------------------------------------------------------------------------------------------------------------------+
; Flow Non-Default Global Settings                                                                                   ;
+--------------------------------+----------------------------------------+---------------+-------------+------------+
; Assignment Name                ; Value                                  ; Default Value ; Entity Name ; Section Id ;
+--------------------------------+----------------------------------------+---------------+-------------+------------+
; ADVANCED_PHYSICAL_OPTIMIZATION ; Off                                    ; On            ; --          ; --         ;
; COMPILER_SIGNATURE_ID          ; 93383153999631.174231565104948         ; --            ; --          ; --         ;
; NUM_PARALLEL_PROCESSORS        ; 4                                      ; --            ; --          ; --         ;
; PARTITION_COLOR                ; -- (Not supported for targeted family) ; --            ; --          ; Top        ;
; PARTITION_NETLIST_TYPE         ; -- (Not supported for targeted family) ; --            ; --          ; Top        ;
; PROJECT_OUTPUT_DIRECTORY       ; .                                      ; --            ; --          ; --         ;
; SEARCH_PATH                    ; ..                                     ; --            ; --          ; --         ;
; SEARCH_PATH                    ; ../../../design                        ; --            ; --          ; --         ;
; VERILOG_INPUT_VERSION          ; SystemVerilog_2005                     ; Verilog_2001  ; --          ; --         ;
+--------------------------------+----------------------------------------+---------------+-------------+------------+


+--------------------------------------------------------------------------------------------------------------------------+
; Flow Elapsed Time                                                                                                        ;
+----------------------+--------------+-------------------------+---------------------+------------------------------------+
; Module Name          ; Elapsed Time ; Average Processors Used ; Peak Virtual Memory ; Total CPU Time (on all processors) ;
+----------------------+--------------+-------------------------+---------------------+------------------------------------+
; Analysis & Synthesis ; 00:00:56     ; 1.0                     ; 5015 MB             ; 00:01:16                           ;
; Fitter               ; 00:02:40     ; 1.4                     ; 6110 MB             ; 00:04:00                           ;
; Assembler            ; 00:00:30     ; 1.0                     ; 4891 MB             ; 00:00:22                           ;
; Timing Analyzer      ; 00:00:59     ; 2.6                     ; 5213 MB             ; 00:01:27                           ;
; Total                ; 00:05:05     ; --                      ; --                  ; 00:07:05                           ;
+----------------------+--------------+-------------------------+---------------------+------------------------------------+


+------------------------------------------------------------------------------------+
; Flow OS Summary                                                                    ;
+----------------------+------------------+------------+------------+----------------+
; Module Name          ; Machine Hostname ; OS Name    ; OS Version ; Processor type ;
+----------------------+------------------+------------+------------+----------------+
; Analysis & Synthesis ; DESKTOP-B93J6HU  ; Windows 10 ; 10.0       ; x86_64         ;
; Fitter               ; DESKTOP-B93J6HU  ; Windows 10 ; 10.0       ; x86_64         ;
; Assembler            ; DESKTOP-B93J6HU  ; Windows 10 ; 10.0       ; x86_64         ;
; Timing Analyzer      ; DESKTOP-B93J6HU  ; Windows 10 ; 10.0       ; x86_64         ;
+----------------------+------------------+------------+------------+----------------+


------------
; Flow Log ;
------------
quartus_map --read_settings_files=on --write_settings_files=off top -c top
quartus_fit --read_settings_files=off --write_settings_files=off top -c top
quartus_asm --read_settings_files=off --write_settings_files=off top -c top
quartus_sta top -c top



